Arguments: 
  /usr/bin/node /snap/node/7707/bin/yarn.js add herouku

PATH: 
  /usr/local/sbin:/usr/local/bin:/usr/sbin:/usr/bin:/sbin:/bin:/usr/games:/usr/local/games:/snap/bin:/home/rummansadhit/.npm-global/bin:/home/rummansadhit/node_modules/typescript/bin:/home/rummansadhit/.npm-global/bin:/home/rummansadhit/node_modules/typescript/bin

Yarn version: 
  1.22.19

Node version: 
  16.20.2

Platform: 
  linux x64

Trace: 
  Error: https://registry.yarnpkg.com/herouku: Not found
      at Request.params.callback [as _callback] (/snap/node/7707/lib/cli.js:66145:18)
      at Request.self.callback (/snap/node/7707/lib/cli.js:140890:22)
      at Request.emit (node:events:513:28)
      at Request.<anonymous> (/snap/node/7707/lib/cli.js:141862:10)
      at Request.emit (node:events:513:28)
      at IncomingMessage.<anonymous> (/snap/node/7707/lib/cli.js:141784:12)
      at Object.onceWrapper (node:events:627:28)
      at IncomingMessage.emit (node:events:525:35)
      at endReadableNT (node:internal/streams/readable:1358:12)
      at processTicksAndRejections (node:internal/process/task_queues:83:21)

npm manifest: 
  {
    "name": "assignment-8",
    "version": "1.0.0",
    "main": "app.ts",
    "license": "MIT",
    "scripts": {
      "start-dev": "nodemon ./src/app.ts",
      "start": "node ./dist/app.js",
      "build": "tsc"
    },
    "dependencies": {
      "@prisma/client": "4.15.0",
      "@types/body-parser": "^1.19.2",
      "@types/cors": "^2.8.13",
      "@types/express": "^4.17.17",
      "bcrypt": "^5.1.1",
      "body-parser": "^1.20.2",
      "cors": "^2.8.5",
      "express": "^4.18.2",
      "global": "^4.4.0",
      "jsonwebtoken": "^9.0.2",
      "nodemon": "^3.0.1",
      "prisma": "4.15.0"
    },
    "devDependencies": {
      "@types/bcrypt": "^5.0.0",
      "@types/jsonwebtoken": "^9.0.2",
      "@types/node": "^20.5.9",
      "dotenv": "^16.3.1",
      "node": "^20.5.1",
      "ts-node": "^10.9.1",
      "typescript": "^5.0.4"
    }
  }

yarn manifest: 
  No manifest

Lockfile: 
  No lockfile
